# JRE version: Java(TM) SE Runtime Environment (16.0.2+7) (build 16.0.2+7-67)
# Java VM: Java HotSpot(TM) 64-Bit Server VM (16.0.2+7-67, mixed mode, sharing, tiered, compressed oops, compressed class ptrs, g1 gc, windows-amd64)
GC Precious Log:
 CPUs: 12 total, 12 available
 Memory: 7521M
 Large Page Support: Disabled
 NUMA Support: Disabled
 Compressed Oops: Enabled (32-bit)
 Heap Region Size: 1M
 Heap Min Capacity: 8M
 Heap Initial Capacity: 118M
 Heap Max Capacity: 1882M
 Pre-touch: Disabled
 Parallel Workers: 10
 Concurrent Workers: 3
 Concurrent Refinement Workers: 10
 Periodic GC: Disabled
Heap:
 garbage-first heap   total 123904K, used 57309K [0x000000008a600000, 0x0000000100000000)
  region size 1024K, 9 young (9216K), 9 survivors (9216K)
 Metaspace       used 17469K, committed 17728K, reserved 1064960K
  class space    used 2018K, committed 2112K, reserved 1048576K
GC Heap History (13 events):
Event: 0.967 GC heap before
{Heap before GC invocations=0 (full 0):
 garbage-first heap   total 120832K, used 24576K [0x000000008a600000, 0x0000000100000000)
  region size 1024K, 23 young (23552K), 0 survivors (0K)
 Metaspace       used 5347K, committed 5504K, reserved 1056768K
  class space    used 562K, committed 640K, reserved 1048576K
}
Event: 0.976 GC heap after
{Heap after GC invocations=1 (full 0):
 garbage-first heap   total 120832K, used 8208K [0x000000008a600000, 0x0000000100000000)
  region size 1024K, 3 young (3072K), 3 survivors (3072K)
 Metaspace       used 5347K, committed 5504K, reserved 1056768K
  class space    used 562K, committed 640K, reserved 1048576K
}
Event: 5.904 GC heap before
{Heap before GC invocations=1 (full 0):
 garbage-first heap   total 120832K, used 44048K [0x000000008a600000, 0x0000000100000000)
  region size 1024K, 28 young (28672K), 3 survivors (3072K)
 Metaspace       used 13746K, committed 13952K, reserved 1064960K
  class space    used 1575K, committed 1664K, reserved 1048576K
}
Event: 5.915 GC heap after
{Heap after GC invocations=2 (full 0):
 garbage-first heap   total 120832K, used 15940K [0x000000008a600000, 0x0000000100000000)
  region size 1024K, 3 young (3072K), 3 survivors (3072K)
 Metaspace       used 13746K, committed 13952K, reserved 1064960K
  class space    used 1575K, committed 1664K, reserved 1048576K
}
Event: 6.621 GC heap before
{Heap before GC invocations=2 (full 0):
 garbage-first heap   total 120832K, used 83524K [0x000000008a600000, 0x0000000100000000)
  region size 1024K, 69 young (70656K), 3 survivors (3072K)
 Metaspace       used 17336K, committed 17536K, reserved 1064960K
  class space    used 1994K, committed 2112K, reserved 1048576K
}
Event: 6.639 GC heap after
{Heap after GC invocations=3 (full 0):
 garbage-first heap   total 120832K, used 23757K [0x000000008a600000, 0x0000000100000000)
  region size 1024K, 9 young (9216K), 9 survivors (9216K)
 Metaspace       used 17336K, committed 17536K, reserved 1064960K
  class space    used 1994K, committed 2112K, reserved 1048576K
}
Event: 6.712 GC heap before
{Heap before GC invocations=3 (full 0):
 garbage-first heap   total 120832K, used 78029K [0x000000008a600000, 0x0000000100000000)
  region size 1024K, 62 young (63488K), 9 survivors (9216K)
 Metaspace       used 17341K, committed 17536K, reserved 1064960K
  class space    used 1994K, committed 2112K, reserved 1048576K
}
Event: 6.729 GC heap after
{Heap after GC invocations=4 (full 0):
 garbage-first heap   total 120832K, used 25350K [0x000000008a600000, 0x0000000100000000)
  region size 1024K, 2 young (2048K), 2 survivors (2048K)
 Metaspace       used 17341K, committed 17536K, reserved 1064960K
  class space    used 1994K, committed 2112K, reserved 1048576K
}
Event: 6.808 GC heap before
{Heap before GC invocations=4 (full 0):
 garbage-first heap   total 120832K, used 81670K [0x000000008a600000, 0x0000000100000000)
  region size 1024K, 57 young (58368K), 2 survivors (2048K)
 Metaspace       used 17341K, committed 17536K, reserved 1064960K
  class space    used 1994K, committed 2112K, reserved 1048576K
}
Event: 6.812 GC heap after
{Heap after GC invocations=5 (full 0):
 garbage-first heap   total 120832K, used 25304K [0x000000008a600000, 0x0000000100000000)
  region size 1024K, 2 young (2048K), 2 survivors (2048K)
 Metaspace       used 17341K, committed 17536K, reserved 1064960K
  class space    used 1994K, committed 2112K, reserved 1048576K
}
Event: 6.876 GC heap before
{Heap before GC invocations=5 (full 0):
 garbage-first heap   total 120832K, used 85720K [0x000000008a600000, 0x0000000100000000)
  region size 1024K, 61 young (62464K), 2 survivors (2048K)
 Metaspace       used 17341K, committed 17536K, reserved 1064960K
  class space    used 1994K, committed 2112K, reserved 1048576K
}
Event: 6.880 GC heap after
{Heap after GC invocations=6 (full 0):
 garbage-first heap   total 120832K, used 25862K [0x000000008a600000, 0x0000000100000000)
  region size 1024K, 2 young (2048K), 2 survivors (2048K)
 Metaspace       used 17341K, committed 17536K, reserved 1064960K
  class space    used 1994K, committed 2112K, reserved 1048576K
}
Event: 7.267 GC heap before
{Heap before GC invocations=6 (full 0):
 garbage-first heap   total 120832K, used 90374K [0x000000008a600000, 0x0000000100000000)
  region size 1024K, 65 young (66560K), 2 survivors (2048K)
 Metaspace       used 17469K, committed 17728K, reserved 1064960K
  class space    used 2018K, committed 2112K, reserved 1048576K
}

